# Logfile created on 2014-08-13 23:03:18 -0400 by logger.rb/41954
I, [2014-08-13T23:03:18.446359 #1004]  INFO -- : 0:  rake (10.3.2) from /Users/tambe257/.rvm/gems/ruby-2.0.0-p353/specifications/rake-10.3.2.gemspec
I, [2014-08-13T23:03:18.446795 #1004]  INFO -- : 0:  i18n (0.6.11) from /Users/tambe257/.rvm/gems/ruby-2.0.0-p353/specifications/i18n-0.6.11.gemspec
I, [2014-08-13T23:03:18.447178 #1004]  INFO -- : 0:  minitest (4.7.5) from /Users/tambe257/.rvm/gems/ruby-2.0.0-p353/specifications/minitest-4.7.5.gemspec
I, [2014-08-13T23:03:18.447542 #1004]  INFO -- : 0:  multi_json (1.10.1) from /Users/tambe257/.rvm/gems/ruby-2.0.0-p353/specifications/multi_json-1.10.1.gemspec
I, [2014-08-13T23:03:18.447888 #1004]  INFO -- : 0:  thread_safe (0.3.4) from /Users/tambe257/.rvm/gems/ruby-2.0.0-p353/specifications/thread_safe-0.3.4.gemspec
I, [2014-08-13T23:03:18.448195 #1004]  INFO -- : 0:  tzinfo (0.3.40) from /Users/tambe257/.rvm/gems/ruby-2.0.0-p353/specifications/tzinfo-0.3.40.gemspec
I, [2014-08-13T23:03:18.448507 #1004]  INFO -- : 0:  activesupport (4.0.2) from /Users/tambe257/.rvm/gems/ruby-2.0.0-p353/specifications/activesupport-4.0.2.gemspec
I, [2014-08-13T23:03:18.448809 #1004]  INFO -- : 0:  builder (3.1.4) from /Users/tambe257/.rvm/gems/ruby-2.0.0-p353/specifications/builder-3.1.4.gemspec
I, [2014-08-13T23:03:18.449110 #1004]  INFO -- : 0:  erubis (2.7.0) from /Users/tambe257/.rvm/gems/ruby-2.0.0-p353/specifications/erubis-2.7.0.gemspec
I, [2014-08-13T23:03:18.449407 #1004]  INFO -- : 0:  rack (1.5.2) from /Users/tambe257/.rvm/gems/ruby-2.0.0-p353/specifications/rack-1.5.2.gemspec
I, [2014-08-13T23:03:18.449692 #1004]  INFO -- : 0:  rack-test (0.6.2) from /Users/tambe257/.rvm/gems/ruby-2.0.0-p353/specifications/rack-test-0.6.2.gemspec
I, [2014-08-13T23:03:18.449993 #1004]  INFO -- : 0:  actionpack (4.0.2) from /Users/tambe257/.rvm/gems/ruby-2.0.0-p353/specifications/actionpack-4.0.2.gemspec
I, [2014-08-13T23:03:18.450292 #1004]  INFO -- : 0:  mime-types (1.25.1) from /Users/tambe257/.rvm/gems/ruby-2.0.0-p353/specifications/mime-types-1.25.1.gemspec
I, [2014-08-13T23:03:18.450593 #1004]  INFO -- : 0:  polyglot (0.3.5) from /Users/tambe257/.rvm/gems/ruby-2.0.0-p353/specifications/polyglot-0.3.5.gemspec
I, [2014-08-13T23:03:18.450906 #1004]  INFO -- : 0:  treetop (1.4.15) from /Users/tambe257/.rvm/gems/ruby-2.0.0-p353/specifications/treetop-1.4.15.gemspec
I, [2014-08-13T23:03:18.451167 #1004]  INFO -- : 0:  mail (2.5.4) from /Users/tambe257/.rvm/gems/ruby-2.0.0-p353/specifications/mail-2.5.4.gemspec
I, [2014-08-13T23:03:18.451474 #1004]  INFO -- : 0:  actionmailer (4.0.2) from /Users/tambe257/.rvm/gems/ruby-2.0.0-p353/specifications/actionmailer-4.0.2.gemspec
I, [2014-08-13T23:03:18.451775 #1004]  INFO -- : 0:  activemodel (4.0.2) from /Users/tambe257/.rvm/gems/ruby-2.0.0-p353/specifications/activemodel-4.0.2.gemspec
I, [2014-08-13T23:03:18.452075 #1004]  INFO -- : 0:  activerecord-deprecated_finders (1.0.3) from /Users/tambe257/.rvm/gems/ruby-2.0.0-p353/specifications/activerecord-deprecated_finders-1.0.3.gemspec
I, [2014-08-13T23:03:18.452371 #1004]  INFO -- : 0:  arel (4.0.2) from /Users/tambe257/.rvm/gems/ruby-2.0.0-p353/specifications/arel-4.0.2.gemspec
I, [2014-08-13T23:03:18.452670 #1004]  INFO -- : 0:  activerecord (4.0.2) from /Users/tambe257/.rvm/gems/ruby-2.0.0-p353/specifications/activerecord-4.0.2.gemspec
I, [2014-08-13T23:03:18.452968 #1004]  INFO -- : 0:  bcrypt (3.1.7) from /Users/tambe257/.rvm/gems/ruby-2.0.0-p353/specifications/bcrypt-3.1.7.gemspec
I, [2014-08-13T23:03:18.453254 #1004]  INFO -- : 0:  sass (3.2.19) from /Users/tambe257/.rvm/gems/ruby-2.0.0-p353/specifications/sass-3.2.19.gemspec
I, [2014-08-13T23:03:18.453555 #1004]  INFO -- : 0:  bootstrap-sass (3.1.1.0) from /Users/tambe257/.rvm/gems/ruby-2.0.0-p353/specifications/bootstrap-sass-3.1.1.0.gemspec
I, [2014-08-13T23:03:18.453858 #1004]  INFO -- : 0:  coffee-script-source (1.7.1) from /Users/tambe257/.rvm/gems/ruby-2.0.0-p353/specifications/coffee-script-source-1.7.1.gemspec
I, [2014-08-13T23:03:18.454158 #1004]  INFO -- : 0:  execjs (2.2.1) from /Users/tambe257/.rvm/gems/ruby-2.0.0-p353/specifications/execjs-2.2.1.gemspec
I, [2014-08-13T23:03:18.454470 #1004]  INFO -- : 0:  coffee-script (2.3.0) from /Users/tambe257/.rvm/gems/ruby-2.0.0-p353/specifications/coffee-script-2.3.0.gemspec
I, [2014-08-13T23:03:18.454755 #1004]  INFO -- : 0:  thor (0.19.1) from /Users/tambe257/.rvm/gems/ruby-2.0.0-p353/specifications/thor-0.19.1.gemspec
I, [2014-08-13T23:03:18.455050 #1004]  INFO -- : 0:  railties (4.0.2) from /Users/tambe257/.rvm/gems/ruby-2.0.0-p353/specifications/railties-4.0.2.gemspec
I, [2014-08-13T23:03:18.455340 #1004]  INFO -- : 0:  coffee-rails (4.0.1) from /Users/tambe257/.rvm/gems/ruby-2.0.0-p353/specifications/coffee-rails-4.0.1.gemspec
I, [2014-08-13T23:03:18.455631 #1004]  INFO -- : 0:  orm_adapter (0.5.0) from /Users/tambe257/.rvm/gems/ruby-2.0.0-p353/specifications/orm_adapter-0.5.0.gemspec
I, [2014-08-13T23:03:18.455925 #1004]  INFO -- : 0:  warden (1.2.3) from /Users/tambe257/.rvm/gems/ruby-2.0.0-p353/specifications/warden-1.2.3.gemspec
I, [2014-08-13T23:03:18.456355 #1004]  INFO -- : 0:  devise (3.2.4) from /Users/tambe257/.rvm/gems/ruby-2.0.0-p353/specifications/devise-3.2.4.gemspec
I, [2014-08-13T23:03:18.456809 #1004]  INFO -- : 0:  hike (1.2.3) from /Users/tambe257/.rvm/gems/ruby-2.0.0-p353/specifications/hike-1.2.3.gemspec
I, [2014-08-13T23:03:18.457118 #1004]  INFO -- : 0:  jbuilder (1.5.3) from /Users/tambe257/.rvm/gems/ruby-2.0.0-p353/specifications/jbuilder-1.5.3.gemspec
I, [2014-08-13T23:03:18.457461 #1004]  INFO -- : 0:  jquery-rails (3.1.1) from /Users/tambe257/.rvm/gems/ruby-2.0.0-p353/specifications/jquery-rails-3.1.1.gemspec
I, [2014-08-13T23:03:18.457801 #1004]  INFO -- : 0:  json (1.8.1) from /Users/tambe257/.rvm/gems/ruby-2.0.0-p353/specifications/json-1.8.1.gemspec
I, [2014-08-13T23:03:18.458141 #1004]  INFO -- : 0:  pg (0.17.1) from /Users/tambe257/.rvm/gems/ruby-2.0.0-p353/specifications/pg-0.17.1.gemspec
I, [2014-08-13T23:03:18.458472 #1004]  INFO -- : 0:  bundler (1.5.1) from /Users/tambe257/.rvm/gems/ruby-2.0.0-p353@global/specifications/bundler-1.5.1.gemspec
I, [2014-08-13T23:03:18.458786 #1004]  INFO -- : 0:  tilt (1.4.1) from /Users/tambe257/.rvm/gems/ruby-2.0.0-p353/specifications/tilt-1.4.1.gemspec
I, [2014-08-13T23:03:18.459207 #1004]  INFO -- : 0:  sprockets (2.11.0) from /Users/tambe257/.rvm/gems/ruby-2.0.0-p353/specifications/sprockets-2.11.0.gemspec
I, [2014-08-13T23:03:18.459588 #1004]  INFO -- : 0:  sprockets-rails (2.0.1) from /Users/tambe257/.rvm/gems/ruby-2.0.0-p353/specifications/sprockets-rails-2.0.1.gemspec
I, [2014-08-13T23:03:18.459933 #1004]  INFO -- : 0:  rails (4.0.2) from /Users/tambe257/.rvm/gems/ruby-2.0.0-p353/specifications/rails-4.0.2.gemspec
I, [2014-08-13T23:03:18.460265 #1004]  INFO -- : 0:  rails_serve_static_assets (0.0.2) from /Users/tambe257/.rvm/gems/ruby-2.0.0-p353/specifications/rails_serve_static_assets-0.0.2.gemspec
I, [2014-08-13T23:03:18.460562 #1004]  INFO -- : 0:  rails_stdout_logging (0.0.3) from /Users/tambe257/.rvm/gems/ruby-2.0.0-p353/specifications/rails_stdout_logging-0.0.3.gemspec
I, [2014-08-13T23:03:18.460994 #1004]  INFO -- : 0:  rails_12factor (0.0.2) from /Users/tambe257/.rvm/gems/ruby-2.0.0-p353/specifications/rails_12factor-0.0.2.gemspec
I, [2014-08-13T23:03:18.461425 #1004]  INFO -- : 0:  rdoc (4.1.1) from /Users/tambe257/.rvm/gems/ruby-2.0.0-p353/specifications/rdoc-4.1.1.gemspec
I, [2014-08-13T23:03:18.461804 #1004]  INFO -- : 0:  sass-rails (4.0.3) from /Users/tambe257/.rvm/gems/ruby-2.0.0-p353/specifications/sass-rails-4.0.3.gemspec
I, [2014-08-13T23:03:18.462092 #1004]  INFO -- : 0:  sdoc (0.4.0) from /Users/tambe257/.rvm/gems/ruby-2.0.0-p353/specifications/sdoc-0.4.0.gemspec
I, [2014-08-13T23:03:18.462381 #1004]  INFO -- : 0:  sqlite3 (1.3.9) from /Users/tambe257/.rvm/gems/ruby-2.0.0-p353/specifications/sqlite3-1.3.9.gemspec
I, [2014-08-13T23:03:18.462664 #1004]  INFO -- : 0:  turbolinks (2.2.2) from /Users/tambe257/.rvm/gems/ruby-2.0.0-p353/specifications/turbolinks-2.2.2.gemspec
I, [2014-08-13T23:03:18.462955 #1004]  INFO -- : 0:  uglifier (2.5.3) from /Users/tambe257/.rvm/gems/ruby-2.0.0-p353/specifications/uglifier-2.5.3.gemspec
